werkzeug - WARNING -  * Debugger is active!
werkzeug - INFO -  * Debugger PIN: 951-979-887
root - INFO - Covid data scheduler was run with blocking=False
root - INFO - News data scheduler was run with blocking=False
werkzeug - INFO - 127.0.0.1 - - [10/Dec/2021 11:49:37] "GET / HTTP/1.1" 200 -
werkzeug - INFO - 127.0.0.1 - - [10/Dec/2021 11:49:37] "[36mGET /static/images/booty-rub-smiling.gif HTTP/1.1[0m" 304 -
werkzeug - INFO - 127.0.0.1 - - [10/Dec/2021 11:49:37] "[33mGET /favicon.ico HTTP/1.1[0m" 404 -
root - INFO - Covid data scheduler was run with blocking=False
root - INFO - News data scheduler was run with blocking=False
root - INFO - Successfuly parsed ['11', '50'], next call is at: 2021-12-10 11:50:00
root - INFO - Sucessfully scheduled Covid data asdf at 11:50
root - INFO - scheduler queue is: [Event(time=1639137000.0, priority=1, action=<function update_data at 0x1042a8ee0>, argument={'11:50': '11:50', 'Covid data asdf': 'Covid data asdf'}, kwargs={})]
urllib3.connectionpool - DEBUG - Starting new HTTPS connection (1): newsapi.org:443
urllib3.connectionpool - DEBUG - https://newsapi.org:443 "GET /v2/everything?apiKey=284be0fa43c047d586fd413014cc57c4&language=en&q=Covid+OR+COVID-19+OR+coronavirus&sortBy=relevancy&sources=bbc-news%2Cthe-verge HTTP/1.1" 200 None
root - INFO - Successfully requested news data from the news API
root - DEBUG - Successfuly added Covid-19: Ireland closes nightclubs and tightens Covid rules to the updates list
root - DEBUG - Successfuly added Rotterdam police clash with rioters as Covid protest turns violent to the updates list
root - DEBUG - Successfuly added Facebook deletes 500 accounts tied to fake Swiss expert to the updates list
root - DEBUG - Successfuly added Covid: World races to contain new Omicron variant to the updates list
root - DEBUG - Successfuly added Coronavirus: Is India ready for a third wave? to the updates list
root - DEBUG - Successfuly added Barbarians double-header: Men's match v Samoa called off after Covid outbreak to the updates list
root - DEBUG - Successfuly added Covid: WHO says it is very worried about Europe surge to the updates list
root - DEBUG - Successfuly added Why China is still trying to achieve zero Covid to the updates list
root - DEBUG - Successfuly added Covid: Fresh protests in Europe against new restrictions to the updates list
root - DEBUG - Successfuly added Covid: Austrians heading towards lockdown for unvaccinated to the updates list
root - DEBUG - Successfuly added All 53,000 attendees of Anime NYC urged to get tested after one got Omicron to the updates list
root - DEBUG - Successfuly added Nearly 70 Spanish medics Covid positive after Christmas party to the updates list
root - DEBUG - Successfuly added Netherlands Covid riots: Fireworks and chaos on the streets for a second night to the updates list
root - DEBUG - Successfuly added Omicron: WHO concerned rich countries could hoard vaccines to the updates list
root - DEBUG - Successfuly added Ollie the comfort dog makes getting jabbed a little easier for California children to the updates list
root - DEBUG - Successfuly added Covid: Germany to place tighter curbs on unvaccinated to the updates list
root - DEBUG - Successfuly added How Covid conspiracists are shifting to climate change denial to the updates list
root - DEBUG - Successfuly added Covid: France brings in booster requirement for over 65s to the updates list
root - DEBUG - Successfuly added Covid: Swiss vote on ending restrictions while cases surge to the updates list
root - DEBUG - Successfuly added Coronavirus: Countries shut borders over new South Africa variant to the updates list
root - INFO - Successfuly added new articles
root - INFO - Successfuly parsed ['11', '50'], next call is at: 2021-12-10 11:50:00
root - INFO - Sucessfully scheduled News data asdf at 11:50
root - INFO - scheduler queue is: [Event(time=1639137000.0, priority=1, action=<function update_data at 0x10424d5e0>, argument={'11:50': '11:50', 'News data asdf': 'News data asdf'}, kwargs={})]
werkzeug - INFO - 127.0.0.1 - - [10/Dec/2021 11:49:44] "GET /index?alarm=11%3A50&two=asdf&repeat=repeat&covid-data=covid-data&news=news HTTP/1.1" 200 -
werkzeug - INFO - 127.0.0.1 - - [10/Dec/2021 11:49:44] "[36mGET /static/images/booty-rub-smiling.gif HTTP/1.1[0m" 304 -
urllib3.connectionpool - DEBUG - Starting new HTTPS connection (1): api.coronavirus.data.gov.uk:443
urllib3.connectionpool - DEBUG - https://api.coronavirus.data.gov.uk:443 "GET /v1/data?filters=areaType%3Dltla%3BareaName%3DExeter&structure=%7B%22areaCode%22%3A%22areaCode%22%2C%22areaName%22%3A%22areaName%22%2C%22areaType%22%3A%22areaType%22%2C%22date%22%3A%22date%22%2C%22cumDailyNsoDeathsByDeathDate%22%3A%22cumDailyNsoDeathsByDeathDate%22%2C%22hospitalCases%22%3A%22hospitalCases%22%2C%22newCasesBySpecimenDate%22%3A%22newCasesBySpecimenDate%22%7D&format=json&page=1 HTTP/1.1" 200 None
urllib3.connectionpool - DEBUG - Starting new HTTPS connection (1): api.coronavirus.data.gov.uk:443
urllib3.connectionpool - DEBUG - https://api.coronavirus.data.gov.uk:443 "GET /v1/data?filters=areaType%3Dltla%3BareaName%3DExeter&structure=%7B%22areaCode%22%3A%22areaCode%22%2C%22areaName%22%3A%22areaName%22%2C%22areaType%22%3A%22areaType%22%2C%22date%22%3A%22date%22%2C%22cumDailyNsoDeathsByDeathDate%22%3A%22cumDailyNsoDeathsByDeathDate%22%2C%22hospitalCases%22%3A%22hospitalCases%22%2C%22newCasesBySpecimenDate%22%3A%22newCasesBySpecimenDate%22%7D&format=json&page=2 HTTP/1.1" 204 0
root - INFO - Successfully called Covid API for Exeter
root - INFO - Successfuly reformatted dictionary
root - INFO - Successfully parsed dictionary to csv
root - ERROR - IndexError in find_recent_value for value None
root - INFO - is_integer returned 39
root - INFO - is_integer returned 95
root - INFO - is_integer returned 111
root - INFO - is_integer returned 110
root - INFO - is_integer returned 125
root - INFO - is_integer returned 112
root - INFO - is_integer returned 139
root - INFO - Sum of most recent values for newCasesBySpecimenDate is 818
root - ERROR - IndexError in find_recent_value for value None
root - INFO - Processed cumulative deaths as None, 7 day infections            as 818, and hospital cases as None
urllib3.connectionpool - DEBUG - Starting new HTTPS connection (1): api.coronavirus.data.gov.uk:443
urllib3.connectionpool - DEBUG - https://api.coronavirus.data.gov.uk:443 "GET /v1/data?filters=areaType%3Dnation%3BareaName%3DEngland&structure=%7B%22areaCode%22%3A%22areaCode%22%2C%22areaName%22%3A%22areaName%22%2C%22areaType%22%3A%22areaType%22%2C%22date%22%3A%22date%22%2C%22cumDailyNsoDeathsByDeathDate%22%3A%22cumDailyNsoDeathsByDeathDate%22%2C%22hospitalCases%22%3A%22hospitalCases%22%2C%22newCasesBySpecimenDate%22%3A%22newCasesBySpecimenDate%22%7D&format=json&page=1 HTTP/1.1" 200 None
urllib3.connectionpool - DEBUG - Starting new HTTPS connection (1): api.coronavirus.data.gov.uk:443
urllib3.connectionpool - DEBUG - https://api.coronavirus.data.gov.uk:443 "GET /v1/data?filters=areaType%3Dnation%3BareaName%3DEngland&structure=%7B%22areaCode%22%3A%22areaCode%22%2C%22areaName%22%3A%22areaName%22%2C%22areaType%22%3A%22areaType%22%2C%22date%22%3A%22date%22%2C%22cumDailyNsoDeathsByDeathDate%22%3A%22cumDailyNsoDeathsByDeathDate%22%2C%22hospitalCases%22%3A%22hospitalCases%22%2C%22newCasesBySpecimenDate%22%3A%22newCasesBySpecimenDate%22%7D&format=json&page=2 HTTP/1.1" 204 0
root - INFO - Successfully called Covid API for England
root - INFO - Successfuly reformatted dictionary
root - INFO - Successfully parsed dictionary to csv
root - INFO - is_integer returned 146563
root - INFO - Most recent value for cumDailyNsoDeathsByDeathDate is 146563
root - INFO - is_integer returned 10154
root - INFO - is_integer returned 35127
root - INFO - is_integer returned 45753
root - INFO - is_integer returned 33513
root - INFO - is_integer returned 32018
root - INFO - is_integer returned 37937
root - INFO - is_integer returned 41793
root - INFO - Sum of most recent values for newCasesBySpecimenDate is 272025
root - INFO - is_integer returned 6130
root - INFO - Most recent value for hospitalCases is 6130
root - INFO - Processed cumulative deaths as 146563, 7 day infections            as 272025, and hospital cases as 6130
root - INFO - Successfuly parsed ['11', '50'], next call is at: 2021-12-11 11:50:00
root - INFO - Sucessfully scheduled Covid data asdf at 11:50
root - INFO - scheduler queue is: [Event(time=1639223400.0, priority=1, action=<function update_data at 0x1042a8ee0>, argument={'11:50': '11:50', 'Covid data asdf': 'Covid data asdf'}, kwargs={})]
root - INFO - Scheduled a new covid update
root - INFO - Covid data scheduler was run with blocking=False
urllib3.connectionpool - DEBUG - Starting new HTTPS connection (1): newsapi.org:443
urllib3.connectionpool - DEBUG - https://newsapi.org:443 "GET /v2/everything?apiKey=284be0fa43c047d586fd413014cc57c4&language=en&q=Covid+OR+COVID-19+OR+coronavirus&sortBy=relevancy&sources=bbc-news%2Cthe-verge HTTP/1.1" 200 None
root - INFO - Successfully requested news data from the news API
root - INFO - Successfully processed the result from the news API, but                no new articles found
root - INFO - Covid data scheduler was run with blocking=False
root - INFO - News data scheduler was run with blocking=False
root - INFO - Successfuly parsed ['11', '50'], next call is at: 2021-12-11 11:50:00
root - INFO - Sucessfully scheduled News data asdf at 11:50
root - INFO - scheduler queue is: [Event(time=1639223400.0, priority=1, action=<function update_data at 0x10424d5e0>, argument={'11:50': '11:50', 'News data asdf': 'News data asdf'}, kwargs={})]
root - INFO - Scheduled a new news update
root - INFO - News data scheduler was run with blocking=False
werkzeug - INFO - 127.0.0.1 - - [10/Dec/2021 11:50:46] "GET /index HTTP/1.1" 200 -
werkzeug - INFO - 127.0.0.1 - - [10/Dec/2021 11:50:46] "[36mGET /static/images/booty-rub-smiling.gif HTTP/1.1[0m" 304 -
